This is XeTeX, Version 3.141592653-2.6-0.999997 (MiKTeX 25.12) (preloaded format=xelatex 2026.4.28)  28 APR 2026 20:56
entering extended mode
 restricted \write18 enabled.
 %&-line parsing enabled.
**./main.tex
(main.tex
LaTeX2e <2025-11-01>
L3 programming layer <2025-12-24>

(C:\Users\RALUCAANDREEAIFTIME\AppData\Local\Programs\MiKTeX\tex/latex/base\repo
rt.cls
Document Class: report 2025/01/22 v1.4n Standard LaTeX document class

(C:\Users\RALUCAANDREEAIFTIME\AppData\Local\Programs\MiKTeX\tex/latex/base\size
12.clo
File: size12.clo 2025/01/22 v1.4n Standard LaTeX file (size option)
)
\c@part=\count271
\c@chapter=\count272
\c@section=\count273
\c@subsection=\count274
\c@subsubsection=\count275
\c@paragraph=\count276
\c@subparagraph=\count277
\c@figure=\count278
\c@table=\count279
\abovecaptionskip=\skip49
\belowcaptionskip=\skip50
\bibindent=\dimen148
)
(C:\Users\RALUCAANDREEAIFTIME\AppData\Local\Programs\MiKTeX\tex/latex/fontspec\
fontspec.sty
(C:\Users\RALUCAANDREEAIFTIME\AppData\Local\Programs\MiKTeX\tex/latex/l3package
s/xparse\xparse.sty
(C:\Users\RALUCAANDREEAIFTIME\AppData\Local\Programs\MiKTeX\tex/latex/l3kernel\
expl3.sty
Package: expl3 2025-12-24 L3 programming layer (loader) 

(C:\Users\RALUCAANDREEAIFTIME\AppData\Local\Programs\MiKTeX\tex/latex/l3backend
\l3backend-xetex.def
File: l3backend-xetex.def 2025-10-09 L3 backend support: XeTeX
\g__graphics_track_int=\count280
\g__pdfannot_backend_int=\count281
\g__pdfannot_backend_link_int=\count282
))
Package: xparse 2025-10-09 L3 Experimental document command parser
)
Package: fontspec 2025/09/29 v2.9g Font selection for XeLaTeX and LuaLaTeX

(C:\Users\RALUCAANDREEAIFTIME\AppData\Local\Programs\MiKTeX\tex/latex/fontspec\
fontspec-xetex.sty
Package: fontspec-xetex 2025/09/29 v2.9g Font selection for XeLaTeX and LuaLaTe
X
\l__fontspec_script_int=\count283
\l__fontspec_language_int=\count284
\l__fontspec_strnum_int=\count285
\l__fontspec_tmp_int=\count286
\l__fontspec_tmpa_int=\count287
\l__fontspec_tmpb_int=\count288
\l__fontspec_tmpc_int=\count289
\l__fontspec_em_int=\count290
\l__fontspec_emdef_int=\count291
\l__fontspec_strong_int=\count292
\l__fontspec_strongdef_int=\count293
\l__fontspec_tmpa_dim=\dimen149
\l__fontspec_tmpb_dim=\dimen150
\l__fontspec_tmpc_dim=\dimen151

(C:\Users\RALUCAANDREEAIFTIME\AppData\Local\Programs\MiKTeX\tex/latex/base\font
enc.sty
Package: fontenc 2025/07/18 v2.1d Standard LaTeX package
)
(C:\Users\RALUCAANDREEAIFTIME\AppData\Local\Programs\MiKTeX\tex/latex/fontspec\
fontspec.cfg)))
(C:\Users\RALUCAANDREEAIFTIME\AppData\Local\Programs\MiKTeX\tex/latex/psnfss\ti
mes.sty
Package: times 2020/03/25 PSNFSS-v9.3 (SPQR) 
)
(C:\Users\RALUCAANDREEAIFTIME\AppData\Local\Programs\MiKTeX\tex/latex/polygloss
ia\polyglossia.sty
Package: polyglossia 2025/12/01 v2.9 Modern multilingual typesetting with XeLaT
eX and LuaLaTeX

(C:\Users\RALUCAANDREEAIFTIME\AppData\Local\Programs\MiKTeX\tex/latex/etoolbox\
etoolbox.sty
Package: etoolbox 2025/10/02 v2.5m e-TeX tools for LaTeX (JAW)
\etb@tempcnta=\count294
)
(C:\Users\RALUCAANDREEAIFTIME\AppData\Local\Programs\MiKTeX\tex/generic/iftex\i
ftex.sty
Package: iftex 2024/12/12 v1.0g TeX engine tests
)
\l_xpg_alias_keyvals_int=\count295

(C:\Users\RALUCAANDREEAIFTIME\AppData\Local\Programs\MiKTeX\tex/latex/polygloss
ia\gloss-latex.ldf
File: gloss-latex.ldf polyglossia: module for default language
))
(C:\Users\RALUCAANDREEAIFTIME\AppData\Local\Programs\MiKTeX\tex/latex/polygloss
ia\gloss-romanian.ldf
File: gloss-romanian.ldf polyglossia: module for Romanian
)

Package polyglossia Info: Default language is romanian


(C:\Users\RALUCAANDREEAIFTIME\AppData\Local\Programs\MiKTeX\tex/latex/polygloss
ia\gloss-english.ldf
File: gloss-english.ldf polyglossia: module for English
)
(C:\Users\RALUCAANDREEAIFTIME\AppData\Local\Programs\MiKTeX\tex/latex/csquotes\
csquotes.sty
Package: csquotes 2024-04-04 v5.2o context-sensitive quotations (JAW)

(C:\Users\RALUCAANDREEAIFTIME\AppData\Local\Programs\MiKTeX\tex/latex/graphics\
keyval.sty
Package: keyval 2022/05/29 v1.15 key=value parser (DPC)
\KV@toks@=\toks17
)
\csq@reset=\count296
\csq@gtype=\count297
\csq@glevel=\count298
\csq@qlevel=\count299
\csq@maxlvl=\count300
\csq@tshold=\count301
\csq@ltx@everypar=\toks18

(C:\Users\RALUCAANDREEAIFTIME\AppData\Local\Programs\MiKTeX\tex/latex/csquotes\
csquotes.def
File: csquotes.def 2024-04-04 v5.2o csquotes generic definitions (JAW)
)
Package csquotes Info: Trying to load configuration file 'csquotes.cfg'...
Package csquotes Info: ... configuration file loaded successfully.

(C:\Users\RALUCAANDREEAIFTIME\AppData\Local\Programs\MiKTeX\tex/latex/csquotes\
csquotes.cfg
File: csquotes.cfg 
))
Package csquotes Info: Redefining quotation style 'romanian'.

(C:\Users\RALUCAANDREEAIFTIME\AppData\Local\Programs\MiKTeX\tex/latex/setspace\
setspace.sty
Package: setspace 2022/12/04 v6.7b set line spacing
)
(C:\Users\RALUCAANDREEAIFTIME\AppData\Local\Programs\MiKTeX\tex/latex/geometry\
geometry.sty
Package: geometry 2026/03/07 v6.0 Page Geometry

(C:\Users\RALUCAANDREEAIFTIME\AppData\Local\Programs\MiKTeX\tex/generic/iftex\i
fvtex.sty
Package: ifvtex 2019/10/25 v1.7 ifvtex legacy package. Use iftex instead.
)
\Gm@cnth=\count302
\Gm@cntv=\count303
\c@Gm@tempcnt=\count304
\Gm@bindingoffset=\dimen152
\Gm@wd@mp=\dimen153
\Gm@odd@mp=\dimen154
\Gm@even@mp=\dimen155
\Gm@layoutwidth=\dimen156
\Gm@layoutheight=\dimen157
\Gm@layouthoffset=\dimen158
\Gm@layoutvoffset=\dimen159
\Gm@dimlist=\toks19

(C:\Users\RALUCAANDREEAIFTIME\AppData\Local\Programs\MiKTeX\tex/latex/geometry\
geometry.cfg))
(C:\Users\RALUCAANDREEAIFTIME\AppData\Local\Programs\MiKTeX\tex/latex/graphics\
graphicx.sty
Package: graphicx 2024/12/31 v1.2e Enhanced LaTeX Graphics (DPC,SPQR)

(C:\Users\RALUCAANDREEAIFTIME\AppData\Local\Programs\MiKTeX\tex/latex/graphics\
graphics.sty
Package: graphics 2024/08/06 v1.4g Standard LaTeX Graphics (DPC,SPQR)

(C:\Users\RALUCAANDREEAIFTIME\AppData\Local\Programs\MiKTeX\tex/latex/graphics\
trig.sty
Package: trig 2023/12/02 v1.11 sin cos tan (DPC)
)
(C:\Users\RALUCAANDREEAIFTIME\AppData\Local\Programs\MiKTeX\tex/latex/graphics-
cfg\graphics.cfg
File: graphics.cfg 2016/06/04 v1.11 sample graphics configuration
)
Package graphics Info: Driver file: xetex.def on input line 106.

(C:\Users\RALUCAANDREEAIFTIME\AppData\Local\Programs\MiKTeX\tex/latex/graphics-
def\xetex.def
File: xetex.def 2025/11/01 v5.0p Graphics/color driver for xetex
))
\Gin@req@height=\dimen160
\Gin@req@width=\dimen161
)
(C:\Users\RALUCAANDREEAIFTIME\AppData\Local\Programs\MiKTeX\tex/latex/booktabs\
booktabs.sty
Package: booktabs 2020/01/12 v1.61803398 Publication quality tables
\heavyrulewidth=\dimen162
\lightrulewidth=\dimen163
\cmidrulewidth=\dimen164
\belowrulesep=\dimen165
\belowbottomsep=\dimen166
\aboverulesep=\dimen167
\abovetopsep=\dimen168
\cmidrulesep=\dimen169
\cmidrulekern=\dimen170
\defaultaddspace=\dimen171
\@cmidla=\count305
\@cmidlb=\count306
\@aboverulesep=\dimen172
\@belowrulesep=\dimen173
\@thisruleclass=\count307
\@lastruleclass=\count308
\@thisrulewidth=\dimen174
)
(C:\Users\RALUCAANDREEAIFTIME\AppData\Local\Programs\MiKTeX\tex/latex/tools\arr
ay.sty
Package: array 2025/09/25 v2.6n Tabular extension package (FMi)
\col@sep=\dimen175
\ar@mcellbox=\box53
\extrarowheight=\dimen176
\NC@list=\toks20
\extratabsurround=\skip51
\backup@length=\skip52
\ar@cellbox=\box54
)
(C:\Users\RALUCAANDREEAIFTIME\AppData\Local\Programs\MiKTeX\tex/latex/tools\tab
ularx.sty
Package: tabularx 2023/12/11 v2.12a `tabularx' package (DPC)
\TX@col@width=\dimen177
\TX@old@table=\dimen178
\TX@old@col=\dimen179
\TX@target=\dimen180
\TX@delta=\dimen181
\TX@cols=\count309
\TX@ftn=\toks21
)
(C:\Users\RALUCAANDREEAIFTIME\AppData\Local\Programs\MiKTeX\tex/latex/tools\lon
gtable.sty
Package: longtable 2025-10-13 v4.24 Multi-page Table package (DPC)
\LTleft=\skip53
\LTright=\skip54
\LTpre=\skip55
\LTpost=\skip56
\LTchunksize=\count310
\LTcapwidth=\dimen182
\LT@head=\box55
\LT@firsthead=\box56
\LT@foot=\box57
\LT@lastfoot=\box58
\LT@gbox=\box59
\LT@cols=\count311
\LT@rows=\count312
\c@LT@tables=\count313
\c@LT@chunks=\count314
\LT@p@ftn=\toks22
)
(C:\Users\RALUCAANDREEAIFTIME\AppData\Local\Programs\MiKTeX\tex/latex/multirow\
multirow.sty
Package: multirow 2024/11/12 v2.9 Span multiple rows of a table
\multirow@colwidth=\skip57
\multirow@cntb=\count315
\multirow@dima=\skip58
\bigstrutjot=\dimen183
)
(C:\Users\RALUCAANDREEAIFTIME\AppData\Local\Programs\MiKTeX\tex/latex/amsmath\a
msmath.sty
Package: amsmath 2025/07/09 v2.17z AMS math features
\@mathmargin=\skip59

For additional information on amsmath, use the `?' option.

(C:\Users\RALUCAANDREEAIFTIME\AppData\Local\Programs\MiKTeX\tex/latex/amsmath\a
mstext.sty
Package: amstext 2024/11/17 v2.01 AMS text

(C:\Users\RALUCAANDREEAIFTIME\AppData\Local\Programs\MiKTeX\tex/latex/amsmath\a
msgen.sty
File: amsgen.sty 1999/11/30 v2.0 generic functions
\@emptytoks=\toks23
\ex@=\dimen184
))
(C:\Users\RALUCAANDREEAIFTIME\AppData\Local\Programs\MiKTeX\tex/latex/amsmath\a
msbsy.sty
Package: amsbsy 1999/11/29 v1.2d Bold Symbols
\pmbraise@=\dimen185
)
(C:\Users\RALUCAANDREEAIFTIME\AppData\Local\Programs\MiKTeX\tex/latex/amsmath\a
msopn.sty
Package: amsopn 2022/04/08 v2.04 operator names
)
\inf@bad=\count316
LaTeX Info: Redefining \frac on input line 233.
\uproot@=\count317
\leftroot@=\count318
LaTeX Info: Redefining \overline on input line 398.
LaTeX Info: Redefining \colon on input line 409.
\classnum@=\count319
\DOTSCASE@=\count320
LaTeX Info: Redefining \ldots on input line 495.
LaTeX Info: Redefining \dots on input line 498.
LaTeX Info: Redefining \cdots on input line 619.
\Mathstrutbox@=\box60
\strutbox@=\box61
LaTeX Info: Redefining \big on input line 721.
LaTeX Info: Redefining \Big on input line 722.
LaTeX Info: Redefining \bigg on input line 723.
LaTeX Info: Redefining \Bigg on input line 724.
\big@size=\dimen186
LaTeX Font Info:    Redeclaring font encoding OML on input line 742.
LaTeX Font Info:    Redeclaring font encoding OMS on input line 743.
\macc@depth=\count321
LaTeX Info: Redefining \bmod on input line 904.
LaTeX Info: Redefining \pmod on input line 909.
LaTeX Info: Redefining \smash on input line 939.
LaTeX Info: Redefining \relbar on input line 969.
LaTeX Info: Redefining \Relbar on input line 970.
\c@MaxMatrixCols=\count322
\dotsspace@=\muskip17
\c@parentequation=\count323
\dspbrk@lvl=\count324
\tag@help=\toks24
\row@=\count325
\column@=\count326
\maxfields@=\count327
\andhelp@=\toks25
\eqnshift@=\dimen187
\alignsep@=\dimen188
\tagshift@=\dimen189
\tagwidth@=\dimen190
\totwidth@=\dimen191
\lineht@=\dimen192
\@envbody=\toks26
\multlinegap=\skip60
\multlinetaggap=\skip61
\mathdisplay@stack=\toks27
LaTeX Info: Redefining \[ on input line 2950.
LaTeX Info: Redefining \] on input line 2951.
)
(C:\Users\RALUCAANDREEAIFTIME\AppData\Local\Programs\MiKTeX\tex/latex/amsfonts\
amssymb.sty
Package: amssymb 2013/01/14 v3.01 AMS font symbols

(C:\Users\RALUCAANDREEAIFTIME\AppData\Local\Programs\MiKTeX\tex/latex/amsfonts\
amsfonts.sty
Package: amsfonts 2013/01/14 v3.01 Basic AMSFonts support
\symAMSa=\mathgroup4
\symAMSb=\mathgroup5
LaTeX Font Info:    Redeclaring math symbol \hbar on input line 98.
LaTeX Font Info:    Overwriting math alphabet `\mathfrak' in version `bold'
(Font)                  U/euf/m/n --> U/euf/b/n on input line 106.
))
(C:\Users\RALUCAANDREEAIFTIME\AppData\Local\Programs\MiKTeX\tex/latex/xcolor\xc
olor.sty
Package: xcolor 2024/09/29 v3.02 LaTeX color extensions (UK)

(C:\Users\RALUCAANDREEAIFTIME\AppData\Local\Programs\MiKTeX\tex/latex/graphics-
cfg\color.cfg
File: color.cfg 2016/01/02 v1.6 sample color configuration
)
Package xcolor Info: Driver file: xetex.def on input line 274.

(C:\Users\RALUCAANDREEAIFTIME\AppData\Local\Programs\MiKTeX\tex/latex/graphics\
mathcolor.ltx)
Package xcolor Info: Model `cmy' substituted by `cmy0' on input line 1349.
Package xcolor Info: Model `RGB' extended on input line 1365.
Package xcolor Info: Model `HTML' substituted by `rgb' on input line 1367.
Package xcolor Info: Model `Hsb' substituted by `hsb' on input line 1368.
Package xcolor Info: Model `tHsb' substituted by `hsb' on input line 1369.
Package xcolor Info: Model `HSB' substituted by `hsb' on input line 1370.
Package xcolor Info: Model `Gray' substituted by `gray' on input line 1371.
Package xcolor Info: Model `wave' substituted by `hsb' on input line 1372.
)
(C:\Users\RALUCAANDREEAIFTIME\AppData\Local\Programs\MiKTeX\tex/latex/colortbl\
colortbl.sty
Package: colortbl 2024/10/29 v1.0k Color table columns (DPC)
\everycr=\toks28
\minrowclearance=\skip62
\rownum=\count328
)
(C:\Users\RALUCAANDREEAIFTIME\AppData\Local\Programs\MiKTeX\tex/latex/listings\
listings.sty
\lst@mode=\count329
\lst@gtempboxa=\box62
\lst@token=\toks29
\lst@length=\count330
\lst@currlwidth=\dimen193
\lst@column=\count331
\lst@pos=\count332
\lst@lostspace=\dimen194
\lst@width=\dimen195
\lst@newlines=\count333
\lst@lineno=\count334
\lst@maxwidth=\dimen196

(C:\Users\RALUCAANDREEAIFTIME\AppData\Local\Programs\MiKTeX\tex/latex/listings\
lstpatch.sty
File: lstpatch.sty 2025/11/14 1.11b (Carsten Heinz)
)
(C:\Users\RALUCAANDREEAIFTIME\AppData\Local\Programs\MiKTeX\tex/latex/listings\
lstmisc.sty
File: lstmisc.sty 2025/11/14 1.11b (Carsten Heinz)
\c@lstnumber=\count335
\lst@skipnumbers=\count336
\lst@framebox=\box63
)
(C:\Users\RALUCAANDREEAIFTIME\AppData\Local\Programs\MiKTeX\tex/latex/listings\
listings.cfg
File: listings.cfg 2025/11/14 1.11b listings configuration
))
Package: listings 2025/11/14 1.11b (Carsten Heinz)

==> First Aid for listings.sty no longer applied!
    Expected:
        2024/09/23 1.10c (Carsten Heinz)
    but found:
        2025/11/14 1.11b (Carsten Heinz)
    so I'm assuming it got fixed.

(C:\Users\RALUCAANDREEAIFTIME\AppData\Local\Programs\MiKTeX\tex/latex/listings\
lstlang1.sty
File: lstlang1.sty 2025/11/14 1.11b listings language file
)
(C:\Users\RALUCAANDREEAIFTIME\AppData\Local\Programs\MiKTeX\tex/latex/hyperref\
hyperref.sty
Package: hyperref 2025-07-12 v7.01o Hypertext links for LaTeX

(C:\Users\RALUCAANDREEAIFTIME\AppData\Local\Programs\MiKTeX\tex/latex/kvsetkeys
\kvsetkeys.sty
Package: kvsetkeys 2022-10-05 v1.19 Key value parser (HO)
)
(C:\Users\RALUCAANDREEAIFTIME\AppData\Local\Programs\MiKTeX\tex/generic/kvdefin
ekeys\kvdefinekeys.sty
Package: kvdefinekeys 2019-12-19 v1.6 Define keys (HO)
)
(C:\Users\RALUCAANDREEAIFTIME\AppData\Local\Programs\MiKTeX\tex/generic/pdfesca
pe\pdfescape.sty
Package: pdfescape 2019/12/09 v1.15 Implements pdfTeX's escape features (HO)

(C:\Users\RALUCAANDREEAIFTIME\AppData\Local\Programs\MiKTeX\tex/generic/ltxcmds
\ltxcmds.sty
Package: ltxcmds 2023-12-04 v1.26 LaTeX kernel commands for general use (HO)
)
(C:\Users\RALUCAANDREEAIFTIME\AppData\Local\Programs\MiKTeX\tex/generic/pdftexc
mds\pdftexcmds.sty
Package: pdftexcmds 2020-06-27 v0.33 Utility functions of pdfTeX for LuaTeX (HO
)

(C:\Users\RALUCAANDREEAIFTIME\AppData\Local\Programs\MiKTeX\tex/generic/infware
rr\infwarerr.sty
Package: infwarerr 2019/12/03 v1.5 Providing info/warning/error messages (HO)
)
Package pdftexcmds Info: \pdf@primitive is available.
Package pdftexcmds Info: \pdf@ifprimitive is available.
Package pdftexcmds Info: \pdfdraftmode not found.
))
(C:\Users\RALUCAANDREEAIFTIME\AppData\Local\Programs\MiKTeX\tex/latex/hycolor\h
ycolor.sty
Package: hycolor 2020-01-27 v1.10 Color options for hyperref/bookmark (HO)
)
(C:\Users\RALUCAANDREEAIFTIME\AppData\Local\Programs\MiKTeX\tex/latex/hyperref\
nameref.sty
Package: nameref 2025-06-21 v2.57 Cross-referencing by name of section

(C:\Users\RALUCAANDREEAIFTIME\AppData\Local\Programs\MiKTeX\tex/latex/refcount\
refcount.sty
Package: refcount 2019/12/15 v3.6 Data extraction from label references (HO)
)
(C:\Users\RALUCAANDREEAIFTIME\AppData\Local\Programs\MiKTeX\tex/generic/gettitl
estring\gettitlestring.sty
Package: gettitlestring 2019/12/15 v1.6 Cleanup title references (HO)

(C:\Users\RALUCAANDREEAIFTIME\AppData\Local\Programs\MiKTeX\tex/latex/kvoptions
\kvoptions.sty
Package: kvoptions 2022-06-15 v3.15 Key value format for package options (HO)
))
\c@section@level=\count337
)
(C:\Users\RALUCAANDREEAIFTIME\AppData\Local\Programs\MiKTeX\tex/generic/stringe
nc\stringenc.sty
Package: stringenc 2019/11/29 v1.12 Convert strings between diff. encodings (HO
)
)
\@linkdim=\dimen197
\Hy@linkcounter=\count338
\Hy@pagecounter=\count339

(C:\Users\RALUCAANDREEAIFTIME\AppData\Local\Programs\MiKTeX\tex/latex/hyperref\
pd1enc.def
File: pd1enc.def 2025-07-12 v7.01o Hyperref: PDFDocEncoding definition (HO)
)
(C:\Users\RALUCAANDREEAIFTIME\AppData\Local\Programs\MiKTeX\tex/generic/intcalc
\intcalc.sty
Package: intcalc 2019/12/15 v1.3 Expandable calculations with integers (HO)
)
\Hy@SavedSpaceFactor=\count340

(C:\Users\RALUCAANDREEAIFTIME\AppData\Local\Programs\MiKTeX\tex/latex/hyperref\
puenc.def
File: puenc.def 2025-07-12 v7.01o Hyperref: PDF Unicode definition (HO)
)
Package hyperref Info: Option `colorlinks' set `true' on input line 4066.
Package hyperref Info: Hyper figures OFF on input line 4195.
Package hyperref Info: Link nesting OFF on input line 4200.
Package hyperref Info: Hyper index ON on input line 4203.
Package hyperref Info: Plain pages OFF on input line 4210.
Package hyperref Info: Backreferencing OFF on input line 4215.
Package hyperref Info: Implicit mode ON; LaTeX internals redefined.
Package hyperref Info: Bookmarks ON on input line 4462.
\c@Hy@tempcnt=\count341

(C:\Users\RALUCAANDREEAIFTIME\AppData\Local\Programs\MiKTeX\tex/latex/url\url.s
ty
\Urlmuskip=\muskip18
Package: url 2013/09/16  ver 3.4  Verb mode for urls, etc.
)
LaTeX Info: Redefining \url on input line 4801.
\XeTeXLinkMargin=\dimen198

(C:\Users\RALUCAANDREEAIFTIME\AppData\Local\Programs\MiKTeX\tex/generic/bitset\
bitset.sty
Package: bitset 2019/12/09 v1.3 Handle bit-vector datatype (HO)

(C:\Users\RALUCAANDREEAIFTIME\AppData\Local\Programs\MiKTeX\tex/generic/bigintc
alc\bigintcalc.sty
Package: bigintcalc 2019/12/15 v1.5 Expandable calculations on big integers (HO
)
))
\Fld@menulength=\count342
\Field@Width=\dimen199
\Fld@charsize=\dimen256
Package hyperref Info: Hyper figures OFF on input line 6078.
Package hyperref Info: Link nesting OFF on input line 6083.
Package hyperref Info: Hyper index ON on input line 6086.
Package hyperref Info: backreferencing OFF on input line 6093.
Package hyperref Info: Link coloring ON on input line 6096.
Package hyperref Info: Link coloring with OCG OFF on input line 6103.
Package hyperref Info: PDF/A mode OFF on input line 6108.
\Hy@abspage=\count343
\c@Item=\count344
\c@Hfootnote=\count345
)
Package hyperref Info: Driver (autodetected): hxetex.

(C:\Users\RALUCAANDREEAIFTIME\AppData\Local\Programs\MiKTeX\tex/latex/hyperref\
hxetex.def
File: hxetex.def 2025-07-12 v7.01o Hyperref driver for XeTeX
\pdfm@box=\box64
\c@Hy@AnnotLevel=\count346
\HyField@AnnotCount=\count347
\Fld@listcount=\count348
\c@bookmark@seq@number=\count349

(C:\Users\RALUCAANDREEAIFTIME\AppData\Local\Programs\MiKTeX\tex/latex/rerunfile
check\rerunfilecheck.sty
Package: rerunfilecheck 2025-06-21 v1.11 Rerun checks for auxiliary files (HO)

(C:\Users\RALUCAANDREEAIFTIME\AppData\Local\Programs\MiKTeX\tex/generic/uniquec
ounter\uniquecounter.sty
Package: uniquecounter 2019/12/15 v1.4 Provide unlimited unique counter (HO)
)
Package uniquecounter Info: New unique counter `rerunfilecheck' on input line 2
84.
)
\Hy@SectionHShift=\skip63
)
(C:\Users\RALUCAANDREEAIFTIME\AppData\Local\Programs\MiKTeX\tex/latex/appendix\
appendix.sty
Package: appendix 2020/02/08 v1.2c extra appendix facilities
\c@@pps=\count350
\c@@ppsavesec=\count351
\c@@ppsaveapp=\count352
)
(C:\Users\RALUCAANDREEAIFTIME\AppData\Local\Programs\MiKTeX\tex/latex/fancyhdr\
fancyhdr.sty
Package: fancyhdr 2025/02/07 v5.2 Extensive control of page headers and footers

\f@nch@headwidth=\skip64
\f@nch@offset@elh=\skip65
\f@nch@offset@erh=\skip66
\f@nch@offset@olh=\skip67
\f@nch@offset@orh=\skip68
\f@nch@offset@elf=\skip69
\f@nch@offset@erf=\skip70
\f@nch@offset@olf=\skip71
\f@nch@offset@orf=\skip72
\f@nch@height=\skip73
\f@nch@footalignment=\skip74
\f@nch@widthL=\skip75
\f@nch@widthC=\skip76
\f@nch@widthR=\skip77
\@temptokenb=\toks30
)
(C:\Users\RALUCAANDREEAIFTIME\AppData\Local\Programs\MiKTeX\tex/latex/caption\c
aption.sty
Package: caption 2023/08/05 v3.6o Customizing captions (AR)

(C:\Users\RALUCAANDREEAIFTIME\AppData\Local\Programs\MiKTeX\tex/latex/caption\c
aption3.sty
Package: caption3 2023/07/31 v2.4d caption3 kernel (AR)
\caption@tempdima=\dimen257
\captionmargin=\dimen258
\caption@leftmargin=\dimen259
\caption@rightmargin=\dimen260
\caption@width=\dimen261
\caption@indent=\dimen262
\caption@parindent=\dimen263
\caption@hangindent=\dimen264
Package caption Info: Standard document class detected.
)
\c@caption@flags=\count353
\c@continuedfloat=\count354
Package caption Info: hyperref package is loaded.
Package caption Info: listings package is loaded.
Package caption Info: longtable package is loaded.

(C:\Users\RALUCAANDREEAIFTIME\AppData\Local\Programs\MiKTeX\tex/latex/caption\l
tcaption.sty
Package: ltcaption 2021/01/08 v1.4c longtable captions (AR)
))
Package csquotes Info: Checking for multilingual support...
Package csquotes Info: ... found 'polyglossia' package.
Package csquotes Info: Adjusting default style.
Package csquotes Info: Redefining alias 'default' -> 'romanian'.
LaTeX Font Info:    Trying to load font information for TU+ptm on input line 14
4.
LaTeX Font Info:    No file TUptm.fd. on input line 144.


LaTeX Font Warning: Font shape `TU/ptm/m/n' undefined
(Font)              using `TU/lmr/m/n' instead on input line 144.

(main.aux (sections/0-title.aux) (sections/0-abstract.aux)
(sections/1-introducere.aux) (sections/2-preliminarii.aux)
(sections/3-configurare.aux) (sections/4-aplicatia.aux)
(sections/5-strategii.aux) (sections/6-jacoco.aux) (sections/7-pitest.aux)
(sections/8-comparatie-ai.aux) (sections/9-concluzii.aux) (sections/A-anexe.aux
))
\openout1 = `main.aux'.

LaTeX Font Info:    Checking defaults for OML/cmm/m/it on input line 144.
LaTeX Font Info:    ... okay on input line 144.
LaTeX Font Info:    Checking defaults for OMS/cmsy/m/n on input line 144.
LaTeX Font Info:    ... okay on input line 144.
LaTeX Font Info:    Checking defaults for OT1/cmr/m/n on input line 144.
LaTeX Font Info:    ... okay on input line 144.
LaTeX Font Info:    Checking defaults for T1/cmr/m/n on input line 144.
LaTeX Font Info:    ... okay on input line 144.
LaTeX Font Info:    Checking defaults for TS1/cmr/m/n on input line 144.
LaTeX Font Info:    ... okay on input line 144.
LaTeX Font Info:    Checking defaults for TU/lmr/m/n on input line 144.
LaTeX Font Info:    ... okay on input line 144.
LaTeX Font Info:    Checking defaults for OMX/cmex/m/n on input line 144.
LaTeX Font Info:    ... okay on input line 144.
LaTeX Font Info:    Checking defaults for U/cmr/m/n on input line 144.
LaTeX Font Info:    ... okay on input line 144.
LaTeX Font Info:    Checking defaults for PD1/pdf/m/n on input line 144.
LaTeX Font Info:    ... okay on input line 144.
LaTeX Font Info:    Checking defaults for PU/pdf/m/n on input line 144.
LaTeX Font Info:    ... okay on input line 144.

Package fontspec Info: 
(fontspec)             Adjusting the maths setup (use [no-math] to avoid
(fontspec)             this).

\symlegacymaths=\mathgroup6
LaTeX Font Info:    Overwriting symbol font `legacymaths' in version `bold'
(Font)                  OT1/cmr/m/n --> OT1/cmr/bx/n on input line 144.
LaTeX Font Info:    Redeclaring math accent \acute on input line 144.
LaTeX Font Info:    Redeclaring math accent \grave on input line 144.
LaTeX Font Info:    Redeclaring math accent \ddot on input line 144.
LaTeX Font Info:    Redeclaring math accent \tilde on input line 144.
LaTeX Font Info:    Redeclaring math accent \bar on input line 144.
LaTeX Font Info:    Redeclaring math accent \breve on input line 144.
LaTeX Font Info:    Redeclaring math accent \check on input line 144.
LaTeX Font Info:    Redeclaring math accent \hat on input line 144.
LaTeX Font Info:    Redeclaring math accent \dot on input line 144.
LaTeX Font Info:    Redeclaring math accent \mathring on input line 144.
LaTeX Font Info:    Redeclaring math symbol \Gamma on input line 144.
LaTeX Font Info:    Redeclaring math symbol \Delta on input line 144.
LaTeX Font Info:    Redeclaring math symbol \Theta on input line 144.
LaTeX Font Info:    Redeclaring math symbol \Lambda on input line 144.
LaTeX Font Info:    Redeclaring math symbol \Xi on input line 144.
LaTeX Font Info:    Redeclaring math symbol \Pi on input line 144.
LaTeX Font Info:    Redeclaring math symbol \Sigma on input line 144.
LaTeX Font Info:    Redeclaring math symbol \Upsilon on input line 144.
LaTeX Font Info:    Redeclaring math symbol \Phi on input line 144.
LaTeX Font Info:    Redeclaring math symbol \Psi on input line 144.
LaTeX Font Info:    Redeclaring math symbol \Omega on input line 144.
LaTeX Font Info:    Redeclaring math symbol \mathdollar on input line 144.
LaTeX Font Info:    Redeclaring symbol font `operators' on input line 144.
LaTeX Font Info:    Encoding `OT1' has changed to `TU' for symbol font
(Font)              `operators' in the math version `normal' on input line 144.

LaTeX Font Info:    Overwriting symbol font `operators' in version `normal'
(Font)                  OT1/cmr/m/n --> TU/ptm/m/n on input line 144.
LaTeX Font Info:    Encoding `OT1' has changed to `TU' for symbol font
(Font)              `operators' in the math version `bold' on input line 144.
LaTeX Font Info:    Overwriting symbol font `operators' in version `bold'
(Font)                  OT1/cmr/bx/n --> TU/ptm/m/n on input line 144.
LaTeX Font Info:    Overwriting symbol font `operators' in version `normal'
(Font)                  TU/ptm/m/n --> TU/ptm/m/n on input line 144.
LaTeX Font Info:    Overwriting math alphabet `\mathit' in version `normal'
(Font)                  OT1/cmr/m/it --> TU/ptm/m/it on input line 144.
LaTeX Font Info:    Overwriting math alphabet `\mathbf' in version `normal'
(Font)                  OT1/cmr/bx/n --> TU/ptm/b/n on input line 144.
LaTeX Font Info:    Overwriting math alphabet `\mathsf' in version `normal'
(Font)                  OT1/cmss/m/n --> TU/phv/m/n on input line 144.
LaTeX Font Info:    Overwriting math alphabet `\mathtt' in version `normal'
(Font)                  OT1/cmtt/m/n --> TU/pcr/m/n on input line 144.
LaTeX Font Info:    Overwriting symbol font `operators' in version `bold'
(Font)                  TU/ptm/m/n --> TU/ptm/b/n on input line 144.
LaTeX Font Info:    Overwriting math alphabet `\mathit' in version `bold'
(Font)                  OT1/cmr/bx/it --> TU/ptm/b/it on input line 144.
LaTeX Font Info:    Overwriting math alphabet `\mathsf' in version `bold'
(Font)                  OT1/cmss/bx/n --> TU/phv/b/n on input line 144.
LaTeX Font Info:    Overwriting math alphabet `\mathtt' in version `bold'
(Font)                  OT1/cmtt/m/n --> TU/pcr/b/n on input line 144.

*geometry* driver: auto-detecting
*geometry* detected driver: xetex
*geometry* verbose mode - [ preamble ] result:
* driver: xetex
* paper: a4paper
* layout: <same size as paper>
* layoutoffset:(h,v)=(0.0pt,0.0pt)
* modes: 
* h-part:(L,W,R)=(71.13188pt, 455.24411pt, 71.13188pt)
* v-part:(T,H,B)=(71.13188pt, 702.78308pt, 71.13188pt)
* \paperwidth=597.50787pt
* \paperheight=845.04684pt
* \textwidth=455.24411pt
* \textheight=702.78308pt
* \oddsidemargin=-1.1381pt
* \evensidemargin=-1.1381pt
* \topmargin=-38.1381pt
* \headheight=12.0pt
* \headsep=25.0pt
* \topskip=12.0pt
* \footskip=30.0pt
* \marginparwidth=35.0pt
* \marginparsep=10.0pt
* \columnsep=10.0pt
* \skip\footins=10.8pt plus 4.0pt minus 2.0pt
* \hoffset=0.0pt
* \voffset=0.0pt
* \mag=1000
* \@twocolumnfalse
* \@twosidefalse
* \@mparswitchfalse
* \@reversemarginfalse
* (1in=72.27pt=25.4mm, 1cm=28.453pt)

\c@lstlisting=\count355
Package hyperref Info: Link coloring ON on input line 144.
(main.out) (main.out)
\@outlinefile=\write3
\openout3 = `main.out'.

Package caption Info: Begin \AtBeginDocument code.
Package caption Info: End \AtBeginDocument code.
\openout2 = `sections/0-title.aux'.

 (sections/0-title.tex
*geometry* verbose mode - [ newgeometry ] result:
* driver: xetex
* paper: a4paper
* layout: <same size as paper>
* layoutoffset:(h,v)=(0.0pt,0.0pt)
* modes: 
* h-part:(L,W,R)=(71.13188pt, 455.24411pt, 71.13188pt)
* v-part:(T,H,B)=(56.9055pt, 745.46222pt, 42.67912pt)
* \paperwidth=597.50787pt
* \paperheight=845.04684pt
* \textwidth=455.24411pt
* \textheight=745.46222pt
* \oddsidemargin=-1.1381pt
* \evensidemargin=-1.1381pt
* \topmargin=-52.36449pt
* \headheight=12.0pt
* \headsep=25.0pt
* \topskip=12.0pt
* \footskip=30.0pt
* \marginparwidth=35.0pt
* \marginparsep=10.0pt
* \columnsep=10.0pt
* \skip\footins=10.8pt plus 4.0pt minus 2.0pt
* \hoffset=0.0pt
* \voffset=0.0pt
* \mag=1000
* \@twocolumnfalse
* \@twosidefalse
* \@mparswitchfalse
* \@reversemarginfalse
* (1in=72.27pt=25.4mm, 1cm=28.453pt)



LaTeX Font Warning: Font shape `TU/ptm/b/n' undefined
(Font)              using `TU/ptm/m/n' instead on input line 7.


LaTeX Font Warning: Font shape `TU/ptm/m/it' undefined
(Font)              using `TU/ptm/m/n' instead on input line 33.

LaTeX Font Info:    Trying to load font information for TU+pcr on input line 33
.
LaTeX Font Info:    No file TUpcr.fd. on input line 33.

LaTeX Font Warning: Font shape `TU/pcr/m/it' undefined
(Font)              using `TU/lmr/m/n' instead on input line 33.

LaTeX Font Info:    Trying to load font information for U+msa on input line 45.


(C:\Users\RALUCAANDREEAIFTIME\AppData\Local\Programs\MiKTeX\tex/latex/amsfonts\
umsa.fd
File: umsa.fd 2013/01/14 v3.01 AMS symbols A
)
LaTeX Font Info:    Trying to load font information for U+msb on input line 45.


(C:\Users\RALUCAANDREEAIFTIME\AppData\Local\Programs\MiKTeX\tex/latex/amsfonts\
umsb.fd
File: umsb.fd 2013/01/14 v3.01 AMS symbols B
) [1




])
*geometry* verbose mode - [ newgeometry ] result:
* driver: xetex
* paper: a4paper
* layout: <same size as paper>
* layoutoffset:(h,v)=(0.0pt,0.0pt)
* modes: 
* h-part:(L,W,R)=(71.13188pt, 455.24411pt, 71.13188pt)
* v-part:(T,H,B)=(71.13188pt, 702.78308pt, 71.13188pt)
* \paperwidth=597.50787pt
* \paperheight=845.04684pt
* \textwidth=455.24411pt
* \textheight=702.78308pt
* \oddsidemargin=-1.1381pt
* \evensidemargin=-1.1381pt
* \topmargin=-38.1381pt
* \headheight=12.0pt
* \headsep=25.0pt
* \topskip=12.0pt
* \footskip=30.0pt
* \marginparwidth=35.0pt
* \marginparsep=10.0pt
* \columnsep=10.0pt
* \skip\footins=10.8pt plus 4.0pt minus 2.0pt
* \hoffset=0.0pt
* \voffset=0.0pt
* \mag=1000
* \@twocolumnfalse
* \@twosidefalse
* \@mparswitchfalse
* \@reversemarginfalse
* (1in=72.27pt=25.4mm, 1cm=28.453pt)

\openout2 = `sections/0-abstract.aux'.

 (sections/0-abstract.tex

LaTeX Font Warning: Font shape `TU/pcr/m/n' undefined
(Font)              using `TU/lmr/m/n' instead on input line 6.


LaTeX Font Warning: Font shape `TU/ptm/m/sc' undefined
(Font)              using `TU/ptm/m/n' instead on input line 8.

[2






] [3]) (main.toc [4




] [5] [6])
\tf@toc=\write4
\openout4 = `main.toc'.

 [7] (main.lof
Overfull \hbox (3.828pt too wide) in paragraph at lines 10--10
 [][] [][][]\TU/pcr/m/n/12 Cascada de praguri în computeSummaryOwnedByUser (75%
 / 90% / 100%) 
 []

[8

])
\tf@lof=\write5
\openout5 = `main.lof'.

 [9] (main.lot)
\tf@lot=\write6
\openout6 = `main.lot'.

 [10

]
\openout2 = `sections/1-introducere.aux'.

 (sections/1-introducere.tex
Capitolul 1.
[11



] [12]) [13]
\openout2 = `sections/2-preliminarii.aux'.

 (sections/2-preliminarii.tex
Capitolul 2.
[14




]
File: ./images/07-strategies.png Graphic file (type bmp)
<./images/07-strategies.png>
 [15] [16]

LaTeX Font Warning: Font shape `TU/pcr/b/n' undefined
(Font)              using `TU/pcr/m/n' instead on input line 69.

[17] [18] [19] [20]) [21]
\openout2 = `sections/3-configurare.aux'.

 (sections/3-configurare.tex
Capitolul 3.
[22




]
Overfull \hbox (0.80392pt too wide) in paragraph at lines 44--67
 [][] 
 []

[23]
Overfull \hbox (73.94876pt too wide) in paragraph at lines 75--76
 []\TU/pcr/m/n/12 Mockito[] este alegerea standard pentru mock-uri în Java, cu 
o sintaxă fluentă (when(...).thenReturn(...))
 []

File: ./images/01-architecture.png Graphic file (type bmp)
<./images/01-architecture.png>

(C:\Users\RALUCAANDREEAIFTIME\AppData\Local\Programs\MiKTeX\tex/latex/listings\
lstlang1.sty
File: lstlang1.sty 2025/11/14 1.11b listings language file
)
(C:\Users\RALUCAANDREEAIFTIME\AppData\Local\Programs\MiKTeX\tex/latex/listings\
lstmisc.sty
File: lstmisc.sty 2025/11/14 1.11b (Carsten Heinz)
)
Package hyperref Info: bookmark level for unknown lstlisting defaults to 0 on i
nput line 107.
 [24] [25] [26]) [27]
\openout2 = `sections/4-aplicatia.aux'.

 (sections/4-aplicatia.tex
Capitolul 4.

LaTeX Font Warning: Font shape `TU/ptm/b/it' undefined
(Font)              using `TU/ptm/b/n' instead on input line 4.

[28




]
File: ./images/02-classes.png Graphic file (type bmp)
<./images/02-classes.png>
 [29] [30] [31] [32]) [33]
\openout2 = `sections/5-strategii.aux'.

 (sections/5-strategii.tex
Capitolul 5.
File: ./images/12-test-distribution.png Graphic file (type bmp)
<./images/12-test-distribution.png>
[34




]
Overfull \hbox (8.00475pt too wide) in paragraph at lines 73--74
[]\TU/pcr/m/n/12 Toate cele șapte fișiere folosesc o structură similară, cu moc
k-uri pe cele patru repository-
 []

[35] [36] [37]
File: ./images/11-thresholds-cascade.png Graphic file (type bmp)
<./images/11-thresholds-cascade.png>

Overfull \hbox (1.05994pt too wide) in paragraph at lines 224--225
[]\TU/pcr/m/n/12 Fișierul ...BoundaryTest.java conține 10 teste: 6 teste pentru
 frontierele input (amount,
 []

[38] [39]
File: ./images/05-cfg-buildRiskUi.png Graphic file (type bmp)
<./images/05-cfg-buildRiskUi.png>
 [40] [41] [42]
File: ./images/04-cfg-daysRemaining.png Graphic file (type bmp)
<./images/04-cfg-daysRemaining.png>
 [43] [44]) [45]
\openout2 = `sections/6-jacoco.aux'.

 (sections/6-jacoco.tex
Capitolul 6.
File: ./images/06-pipeline.png Graphic file (type bmp)
<./images/06-pipeline.png>
[46




]
File: ./images/Coverage.png Graphic file (type bmp)
<./images/Coverage.png>
File: ./images/09-coverage-per-method.png Graphic file (type bmp)
<./images/09-coverage-per-method.png>
 [47] [48]
Overfull \hbox (65.01991pt too wide) in paragraph at lines 126--127
[]\TU/pcr/m/n/12 Folosirea adnotării @Spy pe WalletServiceImpl și a doReturn(nu
ll).when(spy).computeInsights...,
 []

[49]) [50]
\openout2 = `sections/7-pitest.aux'.

 (sections/7-pitest.tex
Capitolul 7.
File: ./images/Pit_Test.png Graphic file (type bmp)
<./images/Pit_Test.png>
[51




]
File: ./images/08-mutation-per-mutator.png Graphic file (type bmp)
<./images/08-mutation-per-mutator.png>


LaTeX Font Warning: Font shape `TU/ptm/b/sc' undefined
(Font)              using `TU/ptm/b/n' instead on input line 98.


Overfull \hbox (34.39061pt too wide) in paragraph at lines 98--99
\TU/pcr/m/n/12 tory.delete(...) sunt verificate de teste prin verify(repo).save
(...) sau verify(repo).delete(...).
 []

[52] [53]
Overfull \hbox (26.10393pt too wide) in paragraph at lines 130--131
[]\TU/pcr/b/n/12 Avem un astfel de test în ...BoundaryTest.java (testSumar_Exac
tPragDepasit_100LaSuta),
 []

[54]

LaTeX Font Warning: Font shape `TU/ptm/m/scit' undefined
(Font)              using `TU/ptm/m/sc' instead on input line 192.


LaTeX Font Warning: Font shape `TU/ptm/m/scit' undefined
(Font)              using `TU/ptm/m/sc' instead on input line 192.

[55]

LaTeX Font Warning: Font shape `TU/ptm/m/scit' undefined
(Font)              using `TU/ptm/m/sc' instead on input line 221.


LaTeX Font Warning: Font shape `TU/ptm/m/scit' undefined
(Font)              using `TU/ptm/m/sc' instead on input line 221.


Overfull \hbox (47.40396pt too wide) in paragraph at lines 239--240
[]\TU/pcr/b/n/12 Punctele slabe sunt pe operații aritmetice (MathMutator) și pe
 granițe (ConditionalsBoundary),
 []

) [56] [57]
\openout2 = `sections/8-comparatie-ai.aux'.

 (sections/8-comparatie-ai.tex
Capitolul 8.
File: ./images/ss1.png Graphic file (type bmp)
<./images/ss1.png>
[58




]
File: ./images/ss2.png Graphic file (type bmp)
<./images/ss2.png>
File: ./images/ss3.png Graphic file (type bmp)
<./images/ss3.png>
File: ./images/ss4.png Graphic file (type bmp)
<./images/ss4.png>

Overfull \hbox (204.26791pt too wide) in paragraph at lines 60--61
[]\TU/pcr/m/it/12 Codul generat l-am salvat aproape neschimbat în src/test/java
/echipa13/calatorii/service/impl/WalletServiceImplAITest.java.
 []

[59]
File: ./images/erori1.png Graphic file (type bmp)
<./images/erori1.png>

Overfull \hbox (9.42595pt too wide) in paragraph at lines 90--90
[]|\TU/pcr/m/it/12 echipa13.calatorii.models.WalletTransaction| 
 []

[60]
Overfull \hbox (40.23595pt too wide) in paragraph at lines 114--115
[]\TU/pcr/m/it/12 AI-ul a presupus o convenție de naming „   generică” pentru u
n wallet financiar (currentBalance),
 []


Overfull \hbox (51.96596pt too wide) in paragraph at lines 129--129
[]|\TU/pcr/m/it/12 findByWallet_IdOrderBySpentAtDescIdDesc(Long)| 
 []

[61] [62]
File: ./images/10-ai-vs-ours.png Graphic file (type bmp)
<./images/10-ai-vs-ours.png>
 [63] [64]) [65]
\openout2 = `sections/9-concluzii.aux'.

 (sections/9-concluzii.tex
Capitolul 9.
[66




]
Overfull \hbox (10.15193pt too wide) in paragraph at lines 55--56
[]\TU/ptm/b/it/12 înțelege logica de business (în cazul nostru: bugetul de călă
torie cu praguri 75/90/100); 
 []

[67] [68]) [69] (main.bbl [70



]) [71]
\openout2 = `sections/A-anexe.aux'.

 (sections/A-anexe.tex
Anexa A.
[72


] [73] [74] [75] [76] [77]
File: ./images/03-cfg-addExpense.png Graphic file (type bmp)
<./images/03-cfg-addExpense.png>
) [78] [79] (main.aux (sections/0-title.aux)
(sections/0-abstract.aux) (sections/1-introducere.aux)
(sections/2-preliminarii.aux) (sections/3-configurare.aux)
(sections/4-aplicatia.aux) (sections/5-strategii.aux) (sections/6-jacoco.aux)
(sections/7-pitest.aux) (sections/8-comparatie-ai.aux)
(sections/9-concluzii.aux) (sections/A-anexe.aux))
 ***********
LaTeX2e <2025-11-01>
L3 programming layer <2025-12-24>
 ***********


LaTeX Font Warning: Some font shapes were not available, defaults substituted.

Package rerunfilecheck Info: File `main.out' has not changed.
(rerunfilecheck)             Checksum: 630A6E705F485CAD20D8A52F13269A55;29347.
 ) 
Here is how much of TeX's memory you used:
 18495 strings out of 402987
 349409 string characters out of 5445626
 1341825 words of memory out of 5000000
 46899 multiletter control sequences out of 15000+600000
 632798 words of font info for 68 fonts, out of 8000000 for 9000
 1348 hyphenation exceptions out of 8191
 73i,12n,83p,723b,1923s stack positions out of 10000i,1000n,20000p,200000b,200000s

Output written on main.pdf (79 pages).
