\BOOKMARK [0][-]{chapter.1}{\376\377\000I\000n\000t\000r\000o\000d\000u\000c\000e\000r\000e}{}% 1
\BOOKMARK [1][-]{section.1.1}{\376\377\000C\000o\000n\000t\000e\000x\000t\000\040\002\031\000i\000\040\000m\000o\000t\000i\000v\000a\002\033\000i\000e}{chapter.1}% 2
\BOOKMARK [1][-]{section.1.2}{\376\377\000O\000b\000i\000e\000c\000t\000i\000v\000e\000l\000e\000\040\000p\000r\000o\000i\000e\000c\000t\000u\000l\000u\000i}{chapter.1}% 3
\BOOKMARK [1][-]{section.1.3}{\376\377\000E\000c\000h\000i\000p\000a\000\040\002\031\000i\000\040\000d\000i\000v\000i\000z\000i\000u\000n\000e\000a\000\040\000m\000u\000n\000c\000i\000i}{chapter.1}% 4
\BOOKMARK [1][-]{section.1.4}{\376\377\000S\000t\000r\000u\000c\000t\000u\000r\000a\000\040\000l\000u\000c\000r\001\003\000r\000i\000i}{chapter.1}% 5
\BOOKMARK [0][-]{chapter.2}{\376\377\000P\000r\000e\000l\000i\000m\000i\000n\000a\000r\000i\000i\000\040\000t\000e\000o\000r\000e\000t\000i\000c\000e}{}% 6
\BOOKMARK [1][-]{section.2.1}{\376\377\000T\000e\000s\000t\000a\000r\000e\000\040\000u\000n\000i\000t\000a\000r\001\003\000:\000\040\000c\000e\000\040\000e\000s\000t\000e\000\040\002\031\000i\000\040\000c\000e\000\040\000n\000u\000\040\000e\000s\000t\000e}{chapter.2}% 7
\BOOKMARK [1][-]{section.2.2}{\376\377\000T\000e\000s\000t\000a\000r\000e\000a\000\040\000f\000u\000n\000c\002\033\000i\000o\000n\000a\000l\001\003\000\040\000\050\000B\000l\000a\000c\000k\000\040\000B\000o\000x\000\051\000\040\000v\000s\000.\000\040\000t\000e\000s\000t\000a\000r\000e\000a\000\040\000s\000t\000r\000u\000c\000t\000u\000r\000a\000l\001\003\000\040\000\050\000W\000h\000i\000t\000e\000\040\000B\000o\000x\000\051}{chapter.2}% 8
\BOOKMARK [2][-]{subsection.2.2.1}{\376\377\000B\000l\000a\000c\000k\000\040\000B\000o\000x}{section.2.2}% 9
\BOOKMARK [2][-]{subsection.2.2.2}{\376\377\000W\000h\000i\000t\000e\000\040\000B\000o\000x}{section.2.2}% 10
\BOOKMARK [2][-]{subsection.2.2.3}{\376\377\000M\000u\000t\000a\000t\000i\000o\000n\000\040\000T\000e\000s\000t\000i\000n\000g}{section.2.2}% 11
\BOOKMARK [1][-]{section.2.3}{\376\377\000S\000t\000a\000t\000e\000m\000e\000n\000t\000\040\000c\000o\000v\000e\000r\000a\000g\000e}{chapter.2}% 12
\BOOKMARK [1][-]{section.2.4}{\376\377\000D\000e\000c\000i\000s\000i\000o\000n\000\040\000c\000o\000v\000e\000r\000a\000g\000e}{chapter.2}% 13
\BOOKMARK [1][-]{section.2.5}{\376\377\000C\000o\000n\000d\000i\000t\000i\000o\000n\000\040\000c\000o\000v\000e\000r\000a\000g\000e}{chapter.2}% 14
\BOOKMARK [2][-]{subsection.2.5.1}{\376\377\000S\000h\000o\000r\000t\000-\000c\000i\000r\000c\000u\000i\000t\000-\000u\000l\000\040\000J\000a\000v\000a}{section.2.5}% 15
\BOOKMARK [1][-]{section.2.6}{\376\377\000B\000a\000s\000i\000s\000\040\000P\000a\000t\000h\000\040\000C\000o\000v\000e\000r\000a\000g\000e\000\040\000\050\000C\000i\000r\000c\000u\000i\000t\000s\000\051}{chapter.2}% 16
\BOOKMARK [1][-]{section.2.7}{\376\377\000M\000u\000t\000a\000t\000i\000o\000n\000\040\000T\000e\000s\000t\000i\000n\000g\000\040\000-\000\040\000o\000p\000e\000r\000a\000t\000o\000r\000i\000\040\002\031\000i\000\040\000i\000n\000t\000e\000r\000p\000r\000e\000t\000a\000r\000e}{chapter.2}% 17
\BOOKMARK [2][-]{subsection.2.7.1}{\376\377\000M\000u\000t\000a\000n\002\033\000i\000\040\000e\000c\000h\000i\000v\000a\000l\000e\000n\002\033\000i}{section.2.7}% 18
\BOOKMARK [1][-]{section.2.8}{\376\377\000J\000a\000C\000o\000C\000o\000\040\000-\000\040\000c\000u\000m\000\040\000m\001\003\000s\000o\000a\000r\001\003\000\040\000c\000o\000v\000e\000r\000a\000g\000e\000-\000u\000l}{chapter.2}% 19
\BOOKMARK [1][-]{section.2.9}{\376\377\000D\000e\000\040\000c\000e\000\040\000J\000U\000n\000i\000t\000\040\0005\000\040\000+\000\040\000M\000o\000c\000k\000i\000t\000o\000\040\000+\000\040\000J\000a\000C\000o\000C\000o\000\040\000+\000\040\000P\000I\000T\000e\000s\000t}{chapter.2}% 20
\BOOKMARK [0][-]{chapter.3}{\376\377\000C\000o\000n\000f\000i\000g\000u\000r\000a\002\033\000i\000a\000\040\000d\000e\000\040\000l\000u\000c\000r\000u}{}% 21
\BOOKMARK [1][-]{section.3.1}{\376\377\000H\000a\000r\000d\000w\000a\000r\000e}{chapter.3}% 22
\BOOKMARK [1][-]{section.3.2}{\376\377\000S\000i\000s\000t\000e\000m\000\040\000d\000e\000\040\000o\000p\000e\000r\000a\000r\000e\000\040\002\031\000i\000\040\000m\000a\002\031\000i\000n\000i\000\040\000v\000i\000r\000t\000u\000a\000l\000e}{chapter.3}% 23
\BOOKMARK [1][-]{section.3.3}{\376\377\000S\000t\000i\000v\000a\000\040\000t\000e\000h\000n\000o\000l\000o\000g\000i\000c\001\003}{chapter.3}% 24
\BOOKMARK [2][-]{subsection.3.3.1}{\376\377\000J\000u\000s\000t\000i\000f\000i\000c\000a\000r\000e\000a\000\040\000a\000l\000e\000g\000e\000r\000i\000i\000\040\000i\000n\000s\000t\000r\000u\000m\000e\000n\000t\000e\000l\000o\000r\000\040\000d\000e\000\040\000t\000e\000s\000t\000a\000r\000e}{section.3.3}% 25
\BOOKMARK [1][-]{section.3.4}{\376\377\000A\000r\000h\000i\000t\000e\000c\000t\000u\000r\000a\000\040\000p\000r\000o\000i\000e\000c\000t\000u\000l\000u\000i}{chapter.3}% 26
\BOOKMARK [1][-]{section.3.5}{\376\377\000C\000o\000n\000f\000i\000g\000u\000r\000a\000r\000e\000a\000\040\000M\000a\000v\000e\000n\000\040\000\050\000p\000o\000m\000.\000x\000m\000l\000\051}{chapter.3}% 27
\BOOKMARK [1][-]{section.3.6}{\376\377\000V\000e\000r\000s\000i\000u\000n\000e\000a\000\040\000d\000e\000\040\000J\000a\000v\000a\000\040\002\031\000i\000\040\000n\000o\000t\000e\000\040\000d\000e\000\040\000c\000o\000m\000p\000a\000t\000i\000b\000i\000l\000i\000t\000a\000t\000e}{chapter.3}% 28
\BOOKMARK [0][-]{chapter.4}{\376\377\000A\000p\000l\000i\000c\000a\002\033\000i\000a\000\040\002\031\000i\000\040\000c\000l\000a\000s\000a\000\040\000t\000e\000s\000t\000a\000t\001\003}{}% 29
\BOOKMARK [1][-]{section.4.1}{\376\377\000A\000p\000l\000i\000c\000a\002\033\000i\000a\000\040\000C\001\003\000l\001\003\000t\000o\000r\000i\000i}{chapter.4}% 30
\BOOKMARK [1][-]{section.4.2}{\376\377\000M\000o\000d\000u\000l\000u\000l\000\040\000W\000a\000l\000l\000e\000t\000\040\000-\000\040\000c\000o\000n\000t\000e\000x\000t\000\040\002\031\000i\000\040\000r\000o\000l\000u\000r\000i}{chapter.4}% 31
\BOOKMARK [1][-]{section.4.3}{\376\377\000D\000i\000a\000g\000r\000a\000m\000a\000\040\000c\000l\000a\000s\000e\000l\000o\000r}{chapter.4}% 32
\BOOKMARK [1][-]{section.4.4}{\376\377\000C\000l\000a\000s\000a\000\040\000W\000a\000l\000l\000e\000t\000S\000e\000r\000v\000i\000c\000e\000I\000m\000p\000l\000\040\000-\000\040\000p\000r\000e\000z\000e\000n\000t\000a\000r\000e}{chapter.4}% 33
\BOOKMARK [2][-]{subsection.4.4.1}{\376\377\000M\000e\000t\000o\000d\000e\000l\000e\000\040\000p\000u\000b\000l\000i\000c\000e\000\040\000p\000r\000i\000n\000c\000i\000p\000a\000l\000e}{section.4.4}% 34
\BOOKMARK [2][-]{subsection.4.4.2}{\376\377\000L\000o\000g\000i\000c\000a\000\040\000d\000e\000\040\000o\000w\000n\000e\000r\000s\000h\000i\000p\000\040\000c\000h\000e\000c\000k}{section.4.4}% 35
\BOOKMARK [2][-]{subsection.4.4.3}{\376\377\000P\000r\000a\000g\000u\000r\000i\000l\000e\000\040\000d\000i\000n\000a\000m\000i\000c\000e\000\040\002\031\000i\000\040\000e\000n\000u\000m\000-\000u\000l\000\040\000d\000e\000\040\000s\000t\000a\000r\000e}{section.4.4}% 36
\BOOKMARK [2][-]{subsection.4.4.4}{\376\377\000B\000u\000g\000e\000t\000\040\000i\000n\000t\000e\000l\000i\000g\000e\000n\000t\000\040\000\050\000s\000m\000a\000r\000t\000\040\000a\000d\000v\000i\000c\000e\000\051\000\040\000-\000\040\000e\000x\000t\000e\000n\000s\000i\000e}{section.4.4}% 37
\BOOKMARK [1][-]{section.4.5}{\376\377\000D\000e\000\040\000c\000e\000\040\000a\000m\000\040\000a\000l\000e\000s\000\040\000W\000a\000l\000l\000e\000t\000S\000e\000r\000v\000i\000c\000e\000I\000m\000p\000l\000\040\000p\000e\000n\000t\000r\000u\000\040\000t\000e\000s\000t\000a\000r\000e}{chapter.4}% 38
\BOOKMARK [0][-]{chapter.5}{\376\377\000S\000t\000r\000a\000t\000e\000g\000i\000i\000l\000e\000\040\000d\000e\000\040\000t\000e\000s\000t\000a\000r\000e\000\040\000a\000p\000l\000i\000c\000a\000t\000e}{}% 39
\BOOKMARK [1][-]{section.5.1}{\376\377\000O\000r\000g\000a\000n\000i\000z\000a\000r\000e\000a\000\040\000s\000u\000i\000t\000e\000i}{chapter.5}% 40
\BOOKMARK [2][-]{subsection.5.1.1}{\376\377\000D\000e\000c\000i\000z\000i\000a\000\040\000d\000e\000\040\000a\000\040\000a\000p\000l\000i\000c\000a\000\040\000s\000t\000r\000a\000t\000e\000g\000i\000i\000l\000e\000\040\000p\000e\000\040\000m\000e\000t\000o\000d\000e\000\040\000d\000i\000f\000e\000r\000i\000t\000e}{section.5.1}% 41
\BOOKMARK [1][-]{section.5.2}{\376\377\000E\000c\000h\000i\000p\000a\000m\000e\000n\000t\000u\000l\000\040\000c\000o\000m\000u\000n\000\040\000d\000e\000\040\000t\000e\000s\000t\000\040\000\050\000t\000e\000s\000t\000\040\000f\000i\000x\000t\000u\000r\000e\000\051}{chapter.5}% 42
\BOOKMARK [1][-]{section.5.3}{\376\377\000E\000q\000u\000i\000v\000a\000l\000e\000n\000c\000e\000\040\000P\000a\000r\000t\000i\000t\000i\000o\000n\000i\000n\000g}{chapter.5}% 43
\BOOKMARK [2][-]{subsection.5.3.1}{\376\377\000M\000e\000t\000o\000d\000a\000\040\002\033\000i\000n\000t\001\003\000:\000\040\000a\000d\000d\000E\000x\000p\000e\000n\000s\000e\000O\000w\000n\000e\000d\000B\000y\000U\000s\000e\000r}{section.5.3}% 44
\BOOKMARK [2][-]{subsection.5.3.2}{\376\377\000E\000x\000e\000m\000p\000l\000u\000\040\000d\000e\000\040\000t\000e\000s\000t\000\040\000E\000P}{section.5.3}% 45
\BOOKMARK [2][-]{subsection.5.3.3}{\376\377\000N\000u\000m\001\003\000r\000u\000l\000\040\000d\000e\000\040\000t\000e\000s\000t\000e\000\040\000p\000e\000n\000t\000r\000u\000\040\000E\000P}{section.5.3}% 46
\BOOKMARK [1][-]{section.5.4}{\376\377\000B\000o\000u\000n\000d\000a\000r\000y\000\040\000V\000a\000l\000u\000e\000\040\000A\000n\000a\000l\000y\000s\000i\000s}{chapter.5}% 47
\BOOKMARK [2][-]{subsection.5.4.1}{\376\377\000F\000r\000o\000n\000t\000i\000e\000r\000e\000\040\000p\000e\000n\000t\000r\000u\000\040\000a\000d\000d\000E\000x\000p\000e\000n\000s\000e\000O\000w\000n\000e\000d\000B\000y\000U\000s\000e\000r}{section.5.4}% 48
\BOOKMARK [2][-]{subsection.5.4.2}{\376\377\000F\000r\000o\000n\000t\000i\000e\000r\000e\000\040\000p\000e\000n\000t\000r\000u\000\040\000c\000a\000s\000c\000a\000d\000a\000\040\000d\000e\000\040\000p\000r\000a\000g\000u\000r\000i}{section.5.4}% 49
\BOOKMARK [2][-]{subsection.5.4.3}{\376\377\000N\000u\000m\001\003\000r\000u\000l\000\040\000d\000e\000\040\000t\000e\000s\000t\000e\000\040\000p\000e\000n\000t\000r\000u\000\040\000B\000V\000A}{section.5.4}% 50
\BOOKMARK [1][-]{section.5.5}{\376\377\000S\000t\000a\000t\000e\000m\000e\000n\000t\000\040\000C\000o\000v\000e\000r\000a\000g\000e}{chapter.5}% 51
\BOOKMARK [2][-]{subsection.5.5.1}{\376\377\000M\000e\000t\000o\000d\000a\000\040\002\033\000i\000n\000t\001\003\000:\000\040\000u\000p\000d\000a\000t\000e\000B\000u\000d\000g\000e\000t\000O\000w\000n\000e\000d\000B\000y\000U\000s\000e\000r}{section.5.5}% 52
\BOOKMARK [2][-]{subsection.5.5.2}{\376\377\000N\000u\000m\001\003\000r\000u\000l\000\040\000d\000e\000\040\000t\000e\000s\000t\000e\000\040\000p\000e\000n\000t\000r\000u\000\040\000S\000t\000a\000t\000e\000m\000e\000n\000t}{section.5.5}% 53
\BOOKMARK [1][-]{section.5.6}{\376\377\000D\000e\000c\000i\000s\000i\000o\000n\000\040\000C\000o\000v\000e\000r\000a\000g\000e}{chapter.5}% 54
\BOOKMARK [2][-]{subsection.5.6.1}{\376\377\000M\000e\000t\000o\000d\000a\000\040\002\033\000i\000n\000t\001\003\000:\000\040\000c\000o\000m\000p\000u\000t\000e\000S\000m\000a\000r\000t\000B\000u\000d\000g\000e\000t\000A\000d\000v\000i\000c\000e\000O\000w\000n\000e\000d\000B\000y\000U\000s\000e\000r}{section.5.6}% 55
\BOOKMARK [2][-]{subsection.5.6.2}{\376\377\000C\000F\000G\000\040\000p\000e\000n\000t\000r\000u\000\040\000b\000u\000i\000l\000d\000R\000i\000s\000k\000U\000i}{section.5.6}% 56
\BOOKMARK [2][-]{subsection.5.6.3}{\376\377\000C\000e\000l\000e\000\040\0005\000\040\000r\000a\000m\000u\000r\000i\000\040\000t\000e\000s\000t\000a\000t\000e}{section.5.6}% 57
\BOOKMARK [1][-]{section.5.7}{\376\377\000C\000o\000n\000d\000i\000t\000i\000o\000n\000\040\000C\000o\000v\000e\000r\000a\000g\000e}{chapter.5}% 58
\BOOKMARK [2][-]{subsection.5.7.1}{\376\377\000C\000e\000l\000e\000\040\0006\000\040\000c\000o\000n\000d\000i\002\033\000i\000i\000\040\000c\000o\000m\000p\000u\000s\000e\000\040\002\033\000i\000n\000t\000i\000t\000e}{section.5.7}% 59
\BOOKMARK [2][-]{subsection.5.7.2}{\376\377\000E\000x\000e\000m\000p\000l\000u\000\040\000d\000e\000t\000a\000l\000i\000a\000t\000:\000\040\000C\0003\000\040\000c\000u\000\040\000t\000r\000e\000i\000\040\000o\000p\000e\000r\000a\000n\000z\000i\000\040\000O\000R}{section.5.7}% 60
\BOOKMARK [2][-]{subsection.5.7.3}{\376\377\000N\000u\000m\001\003\000r\000u\000l\000\040\000d\000e\000\040\000t\000e\000s\000t\000e\000\040\000p\000e\000n\000t\000r\000u\000\040\000C\000o\000n\000d\000i\000t\000i\000o\000n}{section.5.7}% 61
\BOOKMARK [1][-]{section.5.8}{\376\377\000B\000a\000s\000i\000s\000\040\000P\000a\000t\000h\000\040\000/\000\040\000C\000i\000r\000c\000u\000i\000t\000s\000\040\000C\000o\000v\000e\000r\000a\000g\000e}{chapter.5}% 62
\BOOKMARK [2][-]{subsection.5.8.1}{\376\377\000M\000e\000t\000o\000d\000e\000\040\002\033\000i\000n\000t\000i\000t\000e}{section.5.8}% 63
\BOOKMARK [2][-]{subsection.5.8.2}{\376\377\000E\000x\000e\000m\000p\000l\000u\000\040\000d\000e\000t\000a\000l\000i\000a\000t\000:\000\040\000c\000o\000m\000p\000u\000t\000e\000D\000a\000y\000s\000R\000e\000m\000a\000i\000n\000i\000n\000g\000S\000a\000f\000e}{section.5.8}% 64
\BOOKMARK [2][-]{subsection.5.8.3}{\376\377\000N\000u\000m\001\003\000r\000u\000l\000\040\000d\000e\000\040\000t\000e\000s\000t\000e\000\040\000p\000e\000n\000t\000r\000u\000\040\000C\000i\000r\000c\000u\000i\000t\000s}{section.5.8}% 65
\BOOKMARK [1][-]{section.5.9}{\376\377\000C\000o\000n\000c\000l\000u\000z\000i\000i\000\040\000c\000a\000p\000i\000t\000o\000l}{chapter.5}% 66
\BOOKMARK [0][-]{chapter.6}{\376\377\000R\000e\000z\000u\000l\000t\000a\000t\000e\000\040\000J\000a\000C\000o\000C\000o}{}% 67
\BOOKMARK [1][-]{section.6.1}{\376\377\000P\000i\000p\000e\000l\000i\000n\000e\000-\000u\000l\000\040\000d\000e\000\040\000t\000e\000s\000t\000a\000r\000e}{chapter.6}% 68
\BOOKMARK [1][-]{section.6.2}{\376\377\000C\000u\000m\000\040\000r\000u\000l\001\003\000m\000\040\000J\000a\000C\000o\000C\000o}{chapter.6}% 69
\BOOKMARK [1][-]{section.6.3}{\376\377\000R\000e\000z\000u\000l\000t\000a\000t\000e\000\040\000g\000e\000n\000e\000r\000a\000l\000e}{chapter.6}% 70
\BOOKMARK [1][-]{section.6.4}{\376\377\000R\000e\000z\000u\000l\000t\000a\000t\000e\000\040\000p\000e\000r\000\040\000m\000e\000t\000o\000d\001\003}{chapter.6}% 71
\BOOKMARK [1][-]{section.6.5}{\376\377\000I\000n\000t\000e\000r\000p\000r\000e\000t\000a\000r\000e\000a\000\040\000m\000e\000t\000o\000d\000e\000l\000o\000r\000\040\000c\000u\000\040\000c\000o\000v\000e\000r\000a\000g\000e\000\040\000i\000n\000c\000o\000m\000p\000l\000e\000t}{chapter.6}% 72
\BOOKMARK [2][-]{subsection.6.5.1}{\376\377\000c\000o\000m\000p\000u\000t\000e\000I\000n\000s\000i\000g\000h\000t\000s\000O\000w\000n\000e\000d\000B\000y\000U\000s\000e\000r\000\040\000\050\0005\0000\000\045\000\040\000b\000r\000a\000n\000c\000h\000\051}{section.6.5}% 73
\BOOKMARK [2][-]{subsection.6.5.2}{\376\377\000f\000i\000n\000d\000U\000s\000e\000r\000B\000y\000U\000s\000e\000r\000n\000a\000m\000e\000O\000r\000E\000m\000a\000i\000l\000\040\000\050\0006\0002\000\045\000\040\000b\000r\000a\000n\000c\000h\000\051}{section.6.5}% 74
\BOOKMARK [2][-]{subsection.6.5.3}{\376\377\000b\000u\000i\000l\000d\000R\000i\000s\000k\000U\000i\000\040\002\031\000i\000\040\000b\000u\000i\000l\000d\000R\000e\000c\000o\000m\000m\000e\000n\000d\000a\000t\000i\000o\000n\000\040\000\050\0007\0006\000\045\000,\000\040\0009\0001\000\045\000\040\000b\000r\000a\000n\000c\000h\000\051}{section.6.5}% 75
\BOOKMARK [1][-]{section.6.6}{\376\377\000D\000e\000\040\000c\000e\000\040\000n\000u\000\040\000a\000m\000\040\000f\000o\000r\002\033\000a\000t\000\040\0001\0000\0000\000\045}{chapter.6}% 76
\BOOKMARK [1][-]{section.6.7}{\376\377\000C\000o\000m\000p\000a\000r\000a\002\033\000i\000e\000:\000\040\000S\000t\000a\000t\000e\000m\000e\000n\000t\000\040\000v\000s\000.\000\040\000B\000r\000a\000n\000c\000h\000\040\000C\000o\000v\000e\000r\000a\000g\000e}{chapter.6}% 77
\BOOKMARK [1][-]{section.6.8}{\376\377\000C\000o\000n\000c\000l\000u\000z\000i\000i\000\040\000c\000a\000p\000i\000t\000o\000l}{chapter.6}% 78
\BOOKMARK [0][-]{chapter.7}{\376\377\000M\000u\000t\000a\000t\000i\000o\000n\000\040\000T\000e\000s\000t\000i\000n\000g\000\040\000c\000u\000\040\000P\000I\000T\000e\000s\000t}{}% 79
\BOOKMARK [1][-]{section.7.1}{\376\377\000C\000u\000m\000\040\000r\000u\000l\001\003\000m\000\040\000P\000I\000T\000e\000s\000t}{chapter.7}% 80
\BOOKMARK [1][-]{section.7.2}{\376\377\000R\000e\000z\000u\000l\000t\000a\000t\000e\000\040\000g\000e\000n\000e\000r\000a\000l\000e}{chapter.7}% 81
\BOOKMARK [1][-]{section.7.3}{\376\377\000D\000e\000f\000a\000l\000c\000a\000r\000e\000\040\000p\000e\000\040\000t\000i\000p\000u\000r\000i\000\040\000d\000e\000\040\000m\000u\000t\000a\000t\000o\000r\000i}{chapter.7}% 82
\BOOKMARK [2][-]{subsection.7.3.1}{\376\377\000P\000u\000n\000c\000t\000e\000\040\000f\000o\000r\000t\000e\000\040\000a\000l\000e\000\040\000s\000u\000i\000t\000e\000i}{section.7.3}% 83
\BOOKMARK [2][-]{subsection.7.3.2}{\376\377\000P\000u\000n\000c\000t\000e\000\040\000s\000l\000a\000b\000e\000\040\000a\000l\000e\000\040\000s\000u\000i\000t\000e\000i}{section.7.3}% 84
\BOOKMARK [1][-]{section.7.4}{\376\377\000A\000n\000a\000l\000i\000z\000a\000\040\000u\000n\000o\000r\000\040\000m\000u\000t\000a\000n\002\033\000i\000\040\000s\000u\000p\000r\000a\000v\000i\000e\002\033\000u\000i\000t\000o\000r\000i}{chapter.7}% 85
\BOOKMARK [2][-]{subsection.7.4.1}{\376\377\000M\000u\000t\000a\000n\000t\000\040\000s\000u\000p\000r\000a\000v\000i\000e\002\033\000u\000i\000t\000o\000r\000\040\0001\000:\000\040\000C\000o\000n\000d\000i\000t\000i\000o\000n\000a\000l\000s\000B\000o\000u\000n\000d\000a\000r\000y\000\040\000p\000e\000\040\000l\000i\000n\000i\000a\000\040\0001\0009\0001}{section.7.4}% 86
\BOOKMARK [2][-]{subsection.7.4.2}{\376\377\000M\000u\000t\000a\000n\000t\000\040\000s\000u\000p\000r\000a\000v\000i\000e\002\033\000u\000i\000t\000o\000r\000\040\0002\000:\000\040\000M\000a\000t\000h\000M\000u\000t\000a\000t\000o\000r\000\040\000p\000e\000\040\000l\000i\000n\000i\000a\000\040\0001\0008\0007}{section.7.4}% 87
\BOOKMARK [1][-]{section.7.5}{\376\377\000M\000u\000t\000a\000n\002\033\000i\000i\000\040\000n\000e\000e\000c\000h\000i\000v\000a\000l\000e\000n\002\033\000i\000\040\000o\000m\000o\000r\000\342\002\033\000i\000\040\000e\000x\000p\000l\000i\000c\000i\000t}{chapter.7}% 88
\BOOKMARK [2][-]{subsection.7.5.1}{\376\377\000M\000u\000t\000a\000n\000t\000u\000l\000\040\0001\000:\000\040\000M\000a\000t\000h\000M\000u\000t\000a\000t\000o\000r\000\040\000p\000e\000\040\000m\000u\000l\000t\000i\000p\000l\000y\000\040\000/\000\040\000d\000i\000v\000i\000d\000e}{section.7.5}% 89
\BOOKMARK [2][-]{subsection.7.5.2}{\376\377\000M\000u\000t\000a\000n\000t\000u\000l\000\040\0002\000:\000\040\000C\000o\000n\000d\000i\000t\000i\000o\000n\000a\000l\000s\000B\000o\000u\000n\000d\000a\000r\000y\000\040\000p\000e\000\040\000p\000e\000r\000c\000e\000n\000t\000\040\000>\000=\000\040\0007\0005}{section.7.5}% 90
\BOOKMARK [1][-]{section.7.6}{\376\377\000C\000u\000m\000\040\000i\000d\000e\000n\000t\000i\000f\000i\000c\001\003\000m\000\040\000m\000u\000t\000a\000n\002\033\000i\000\040\000e\000c\000h\000i\000v\000a\000l\000e\000n\002\033\000i}{chapter.7}% 91
\BOOKMARK [2][-]{subsection.7.6.1}{\376\377\000E\000x\000e\000m\000p\000l\000u\000\040\0001\000:\000\040\000+\000+\000i\000\040\000v\000s\000.\000\040\000i\000+\000+\000\040\000\356\000n\000t\000r\000-\000u\000n\000\040\000f\000o\000r}{section.7.6}% 92
\BOOKMARK [2][-]{subsection.7.6.2}{\376\377\000E\000x\000e\000m\000p\000l\000u\000\040\0002\000:\000\040\000s\000c\000h\000i\000m\000b\000a\000r\000e\000a\000\040\000o\000r\000d\000i\000n\000i\000i\000\040\000d\000e\000\040\000e\000v\000a\000l\000u\000a\000r\000e\000\040\000l\000a\000\040\000a\000\040\000|\000|\000\040\000b\000\040\000f\001\003\000r\001\003\000\040\000s\000i\000d\000e\000-\000e\000f\000f\000e\000c\000t\000s}{section.7.6}% 93
\BOOKMARK [1][-]{section.7.7}{\376\377\000C\000o\000n\000c\000l\000u\000z\000i\000i\000\040\000c\000a\000p\000i\000t\000o\000l}{chapter.7}% 94
\BOOKMARK [0][-]{chapter.8}{\376\377\000S\000u\000i\000t\000a\000\040\000g\000e\000n\000e\000r\000a\000t\001\003\000\040\000d\000e\000\040\000A\000I\000\040\000-\000\040\000e\000x\000p\000e\000r\000i\000m\000e\000n\000t\000\040\002\031\000i\000\040\000c\000o\000m\000p\000a\000r\000a\002\033\000i\000e}{}% 95
\BOOKMARK [1][-]{section.8.1}{\376\377\000S\000c\000o\000p\000u\000l\000\040\000e\000x\000p\000e\000r\000i\000m\000e\000n\000t\000u\000l\000u\000i}{chapter.8}% 96
\BOOKMARK [1][-]{section.8.2}{\376\377\000P\000r\000o\000m\000p\000t\000u\000l\000\040\000f\000o\000l\000o\000s\000i\000t}{chapter.8}% 97
\BOOKMARK [1][-]{section.8.3}{\376\377\000R\001\003\000s\000p\000u\000n\000s\000u\000l\000\040\000g\000e\000n\000e\000r\000a\000t}{chapter.8}% 98
\BOOKMARK [1][-]{section.8.4}{\376\377\000R\000e\000z\000u\000l\000t\000a\000t\000u\000l\000\040\000r\000u\000l\001\003\000r\000i\000i\000:\000\040\000B\000u\000i\000l\000d\000\040\000F\000a\000i\000l\000e\000d}{chapter.8}% 99
\BOOKMARK [2][-]{subsection.8.4.1}{\376\377\0004\0007\000\040\000d\000e\000\040\000e\000r\000o\000r\000i\000\040\000d\000e\000\040\000c\000o\000m\000p\000i\000l\000a\000r\000e}{section.8.4}% 100
\BOOKMARK [2][-]{subsection.8.4.2}{\376\377\000C\000a\000t\000e\000g\000o\000r\000i\000a\000\040\0001\000:\000\040\000C\000l\000a\000s\000e\000\040\000i\000n\000v\000e\000n\000t\000a\000t\000e\000,\000\040\000i\000n\000e\000x\000i\000s\000t\000e\000n\000t\000e\000\040\000\356\000n\000\040\000p\000r\000o\000i\000e\000c\000t}{section.8.4}% 101
\BOOKMARK [2][-]{subsection.8.4.3}{\376\377\000C\000a\000t\000e\000g\000o\000r\000i\000a\000\040\0002\000:\000\040\000M\000e\000t\000o\000d\000e\000\040\000i\000n\000v\000e\000n\000t\000a\000t\000e\000\040\000p\000e\000\040\000m\000o\000d\000e\000l\000e}{section.8.4}% 102
\BOOKMARK [2][-]{subsection.8.4.4}{\376\377\000C\000a\000t\000e\000g\000o\000r\000i\000a\000\040\0003\000:\000\040\000M\000e\000t\000o\000d\000e\000\040\000i\000n\000v\000e\000n\000t\000a\000t\000e\000\040\000p\000e\000\040\000r\000e\000p\000o\000s\000i\000t\000o\000r\000y\000-\000u\000r\000i}{section.8.4}% 103
\BOOKMARK [2][-]{subsection.8.4.5}{\376\377\000C\000a\000t\000e\000g\000o\000r\000i\000a\000\040\0004\000:\000\040\000T\000i\000p\000u\000r\000i\000\040\000d\000e\000\040\000d\000a\000t\000e\000\040\000i\000n\000c\000o\000m\000p\000a\000t\000i\000b\000i\000l\000e}{section.8.4}% 104
\BOOKMARK [2][-]{subsection.8.4.6}{\376\377\000C\000a\000t\000e\000g\000o\000r\000i\000a\000\040\0005\000:\000\040\000I\000m\000p\000o\000r\000t\000\040\000g\000r\000e\002\031\000i\000t\000\040\000c\000r\000i\000t\000i\000c}{section.8.4}% 105
\BOOKMARK [1][-]{section.8.5}{\376\377\000C\000o\000m\000p\000a\000r\000a\002\033\000i\000e\000\040\000c\000a\000n\000t\000i\000t\000a\000t\000i\000v\001\003\000\040\000s\000u\000i\000t\000a\000\040\000p\000r\000o\000p\000r\000i\000e\000\040\000v\000s\000.\000\040\000s\000u\000i\000t\000a\000\040\000A\000I}{chapter.8}% 106
\BOOKMARK [1][-]{section.8.6}{\376\377\000A\000n\000a\000l\000i\000z\000a\000\040\000d\000i\000f\000e\000r\000e\000n\002\033\000e\000l\000o\000r}{chapter.8}% 107
\BOOKMARK [2][-]{subsection.8.6.1}{\376\377\000U\000n\000d\000e\000\040\000A\000I\000-\000u\000l\000\040\000a\000j\000u\000t\001\003}{section.8.6}% 108
\BOOKMARK [2][-]{subsection.8.6.2}{\376\377\000U\000n\000d\000e\000\040\000A\000I\000-\000u\000l\000\040\000g\000r\000e\002\031\000e\002\031\000t\000e}{section.8.6}% 109
\BOOKMARK [2][-]{subsection.8.6.3}{\376\377\000O\000\040\000o\000b\000s\000e\000r\000v\000a\002\033\000i\000e\000\040\000c\000o\000l\000a\000t\000e\000r\000a\000l\001\003}{section.8.6}% 110
\BOOKMARK [1][-]{section.8.7}{\376\377\000C\000o\000n\000c\000l\000u\000z\000i\000a\000\040\000e\000x\000p\000e\000r\000i\000m\000e\000n\000t\000u\000l\000u\000i}{chapter.8}% 111
\BOOKMARK [0][-]{chapter.9}{\376\377\000C\000o\000n\000c\000l\000u\000z\000i\000i}{}% 112
\BOOKMARK [1][-]{section.9.1}{\376\377\000R\000e\000c\000a\000p\000i\000t\000u\000l\000a\000r\000e\000\040\000o\000b\000i\000e\000c\000t\000i\000v\000e\000\040\000v\000s\000.\000\040\000r\000e\000a\000l\000i\000z\000a\000t}{chapter.9}% 113
\BOOKMARK [1][-]{section.9.2}{\376\377\000C\000e\000\040\000a\000m\000\040\000\356\000n\000v\001\003\002\033\000a\000t}{chapter.9}% 114
\BOOKMARK [2][-]{subsection.9.2.1}{\376\377\000D\000e\000s\000p\000r\000e\000\040\000p\000r\000o\000i\000e\000c\000t}{section.9.2}% 115
\BOOKMARK [2][-]{subsection.9.2.2}{\376\377\000D\000e\000s\000p\000r\000e\000\040\000f\000o\000l\000o\000s\000i\000r\000e\000a\000\040\000A\000I\000-\000u\000l\000u\000i}{section.9.2}% 116
\BOOKMARK [1][-]{section.9.3}{\376\377\000D\000i\000r\000e\000c\002\033\000i\000i\000\040\000v\000i\000i\000t\000o\000a\000r\000e}{chapter.9}% 117
\BOOKMARK [2][-]{subsection.9.3.1}{\376\377\000C\000r\000e\002\031\000t\000e\000r\000e\000a\000\040\000M\000u\000t\000a\000t\000i\000o\000n\000\040\000S\000c\000o\000r\000e\000\040\000p\000e\000s\000t\000e\000\040\0007\0005\000\045}{section.9.3}% 118
\BOOKMARK [2][-]{subsection.9.3.2}{\376\377\000P\000r\000o\000p\000e\000r\000t\000y\000-\000B\000a\000s\000e\000d\000\040\000T\000e\000s\000t\000i\000n\000g}{section.9.3}% 119
\BOOKMARK [2][-]{subsection.9.3.3}{\376\377\000I\000n\000t\000e\000g\000r\000a\000r\000e\000\040\000\356\000n\000\040\000C\000I\000/\000C\000D}{section.9.3}% 120
\BOOKMARK [2][-]{subsection.9.3.4}{\376\377\000T\000e\000s\000t\000a\000r\000e\000\040\000d\000e\000\040\000i\000n\000t\000e\000g\000r\000a\000r\000e\000\040\000c\000u\000\040\000T\000e\000s\000t\000c\000o\000n\000t\000a\000i\000n\000e\000r\000s}{section.9.3}% 121
\BOOKMARK [1][-]{section.9.4}{\376\377\000C\000o\000n\000s\000i\000d\000e\000r\000a\002\033\000i\000i\000\040\000f\000i\000n\000a\000l\000e}{chapter.9}% 122
\BOOKMARK [0][-]{chapter*.49}{\376\377\000B\000i\000b\000l\000i\000o\000g\000r\000a\000f\000i\000e}{}% 123
\BOOKMARK [0][-]{appendix.A}{\376\377\000C\000o\000d\000\040\000s\000u\000r\000s\001\003\000\040\000r\000e\000l\000e\000v\000a\000n\000t}{}% 124
\BOOKMARK [1][-]{section.A.1}{\376\377\000F\000r\000a\000g\000m\000e\000n\000t\000e\000\040\000d\000i\000n\000\040\000W\000a\000l\000l\000e\000t\000S\000e\000r\000v\000i\000c\000e\000I\000m\000p\000l}{appendix.A}% 125
\BOOKMARK [2][-]{subsection.A.1.1}{\376\377\000C\000o\000n\000s\000t\000r\000u\000c\000t\000o\000r\000u\000l\000\040\000c\000u\000\040\000i\000n\000j\000e\000c\002\033\000i\000e\000\040\000d\000e\000\040\000d\000e\000p\000e\000n\000d\000e\000n\002\033\000e}{section.A.1}% 126
\BOOKMARK [2][-]{subsection.A.1.2}{\376\377\000M\000e\000t\000o\000d\000a\000\040\000a\000d\000d\000E\000x\000p\000e\000n\000s\000e\000O\000w\000n\000e\000d\000B\000y\000U\000s\000e\000r}{section.A.1}% 127
\BOOKMARK [2][-]{subsection.A.1.3}{\376\377\000M\000e\000t\000o\000d\000a\000\040\000c\000o\000m\000p\000u\000t\000e\000D\000a\000y\000s\000R\000e\000m\000a\000i\000n\000i\000n\000g\000S\000a\000f\000e}{section.A.1}% 128
\BOOKMARK [1][-]{section.A.2}{\376\377\000F\000r\000a\000g\000m\000e\000n\000t\000e\000\040\000d\000i\000n\000\040\000s\000u\000i\000t\000a\000\040\000d\000e\000\040\000t\000e\000s\000t\000e}{appendix.A}% 129
\BOOKMARK [2][-]{subsection.A.2.1}{\376\377\000C\000o\000n\000f\000i\000g\000u\000r\000a\000r\000e\000\040\000c\000o\000m\000u\000n\001\003}{section.A.2}% 130
\BOOKMARK [2][-]{subsection.A.2.2}{\376\377\000T\000e\000s\000t\000\040\000p\000e\000n\000t\000r\000u\000\040\000c\000l\000a\000s\000a\000\040\000d\000e\000\040\000e\000c\000h\000i\000v\000a\000l\000e\000n\002\033\001\003\000\040\000P\0004\000\040\000\050\000s\000u\000m\001\003\000\040\000i\000n\000v\000a\000l\000i\000d\001\003\000\051}{section.A.2}% 131
\BOOKMARK [2][-]{subsection.A.2.3}{\376\377\000T\000e\000s\000t\000\040\000p\000e\000n\000t\000r\000u\000\040\000B\000V\000A\000\040\000p\000e\000\040\000p\000r\000a\000g\000u\000l\000\040\000d\000e\000\040\0007\0005\000\045}{section.A.2}% 132
\BOOKMARK [2][-]{subsection.A.2.4}{\376\377\000T\000e\000s\000t\000\040\000p\000e\000n\000t\000r\000u\000\040\000C\000o\000n\000d\000i\000t\000i\000o\000n\000\040\000C\000o\000v\000e\000r\000a\000g\000e\000\040\000c\000u\000\040\0003\000\040\000o\000p\000e\000r\000a\000n\000z\000i\000\040\000O\000R}{section.A.2}% 133
\BOOKMARK [2][-]{subsection.A.2.5}{\376\377\000T\000e\000s\000t\000\040\002\033\000i\000n\000t\000i\000t\000\040\000p\000e\000n\000t\000r\000u\000\040\000m\000u\000t\000a\000n\000t\000u\000l\000\040\000M\000a\000t\000h\000M\000u\000t\000a\000t\000o\000r}{section.A.2}% 134
\BOOKMARK [2][-]{subsection.A.2.6}{\376\377\000T\000e\000s\000t\000\040\000p\000e\000n\000t\000r\000u\000\040\000C\000i\000r\000c\000u\000i\000t\000s\000\040\000p\000e\000\040\000c\000o\000m\000p\000u\000t\000e\000D\000a\000y\000s\000R\000e\000m\000a\000i\000n\000i\000n\000g\000S\000a\000f\000e}{section.A.2}% 135
\BOOKMARK [1][-]{section.A.3}{\376\377\000C\000F\000G\000\040\000p\000e\000n\000t\000r\000u\000\040\000a\000d\000d\000E\000x\000p\000e\000n\000s\000e\000O\000w\000n\000e\000d\000B\000y\000U\000s\000e\000r}{appendix.A}% 136
